-------------------------------------------------------------------------------
Test set: Madasi.ddd.DddApplicationTests
-------------------------------------------------------------------------------
Tests run: 1, Failures: 0, Errors: 1, Skipped: 0, Time elapsed: 0.229 s <<< FAILURE! - in Madasi.ddd.DddApplicationTests
Madasi.ddd.DddApplicationTests  Time elapsed: 0.227 s  <<< ERROR!
java.lang.IllegalStateException: Unable to find a @SpringBootConfiguration, you need to use @ContextConfiguration or @SpringBootTest(classes=...) with your test

